<?xml version="1.0" encoding="UTF-8"?>
<!-- Generated by org.testng.reporters.JUnitReportReporter -->
<testsuite skipped="0" hostname="LAPTOP-2GOM3SL8" name="wrapper.CreateLeads" tests="1" failures="0" timestamp="2021-05-16T21:14:08 EDT" time="29.959" errors="0">
  <testcase name="createLead" time="29.959" classname="wrapper.CreateLeads"/>
</testsuite> <!-- wrapper.CreateLeads -->
