<?xml version="1.0" encoding="UTF-8"?>
<!-- Generated by org.testng.reporters.JUnitReportReporter -->
<testsuite skipped="0" hostname="LAPTOP-2GOM3SL8" name="wrapper.findLeads" tests="1" failures="0" timestamp="2021-05-11T12:07:42 EDT" time="31.398" errors="0">
  <testcase name="findLead" time="31.398" classname="wrapper.findLeads"/>
</testsuite> <!-- wrapper.findLeads -->
