<?xml version="1.0" encoding="UTF-8"?>
<!-- Generated by org.testng.reporters.JUnitReportReporter -->
<testsuite skipped="0" hostname="LAPTOP-2GOM3SL8" name="classWork.LearnAnnotations" tests="1" failures="0" timestamp="2021-05-25T15:12:03 EDT" time="0.008" errors="0">
  <testcase name="test1" time="0.008" classname="classWork.LearnAnnotations"/>
</testsuite> <!-- classWork.LearnAnnotations -->
