<?xml version="1.0" encoding="UTF-8"?>
<!-- Generated by org.testng.reporters.JUnitReportReporter -->
<testsuite skipped="0" hostname="LAPTOP-2GOM3SL8" name="classWork.LearnAnnotations" tests="1" failures="0" timestamp="2021-05-16T20:39:16 EDT" time="0.014" errors="0">
  <testcase name="Test1" time="0.014" classname="classWork.LearnAnnotations"/>
</testsuite> <!-- classWork.LearnAnnotations -->
