<?xml version="1.0" encoding="UTF-8"?>
<!-- Generated by org.testng.reporters.JUnitReportReporter -->
<testsuite skipped="0" hostname="LAPTOP-2GOM3SL8" name="classWork.P01Usecase" tests="1" failures="0" timestamp="2021-05-10T20:22:59 EDT" time="14.678" errors="0">
  <testcase name="createLead" time="14.678" classname="classWork.P01Usecase"/>
</testsuite> <!-- classWork.P01Usecase -->
