<?xml version="1.0" encoding="UTF-8"?>
<!-- Generated by org.testng.reporters.JUnitReportReporter -->
<testsuite skipped="0" hostname="LAPTOP-2GOM3SL8" name="classWork.PriorityAnnotation" tests="4" failures="0" timestamp="2021-05-11T19:44:21 EDT" time="0.022" errors="0">
  <testcase name="Test4" time="0.014" classname="classWork.PriorityAnnotation"/>
  <testcase name="Test3" time="0.002" classname="classWork.PriorityAnnotation"/>
  <testcase name="Test2" time="0.002" classname="classWork.PriorityAnnotation"/>
  <testcase name="Test1" time="0.004" classname="classWork.PriorityAnnotation"/>
</testsuite> <!-- classWork.PriorityAnnotation -->
