<?xml version="1.0" encoding="UTF-8"?>
<!-- Generated by org.testng.reporters.JUnitReportReporter -->
<testsuite skipped="0" hostname="LAPTOP-2GOM3SL8" name="classWork.Testcase" tests="1" failures="0" timestamp="2021-05-11T11:38:55 EDT" time="56.760" errors="0">
  <testcase name="createLead" time="56.760" classname="classWork.Testcase"/>
</testsuite> <!-- classWork.Testcase -->
