<?xml version="1.0" encoding="UTF-8"?>
<!-- Generated by org.testng.reporters.JUnitReportReporter -->
<testsuite skipped="0" hostname="LAPTOP-2GOM3SL8" name="wrapper.DeleteLeads" tests="1" failures="0" timestamp="2021-05-16T20:16:10 EDT" time="29.800" errors="0">
  <testcase name="deleteLead" time="29.800" classname="wrapper.DeleteLeads"/>
</testsuite> <!-- wrapper.DeleteLeads -->
