<?xml version="1.0" encoding="UTF-8"?>
<!-- Generated by org.testng.reporters.JUnitReportReporter -->
<testsuite skipped="0" hostname="LAPTOP-2GOM3SL8" name="wrapper.DeleteLeads" tests="1" failures="0" timestamp="2021-05-11T12:36:31 EDT" time="69.196" errors="0">
  <testcase name="deleteLead" time="69.196" classname="wrapper.DeleteLeads"/>
</testsuite> <!-- wrapper.DeleteLeads -->
