<?xml version="1.0" encoding="UTF-8"?>
<!-- Generated by org.testng.reporters.JUnitReportReporter -->
<testsuite skipped="0" hostname="LAPTOP-2GOM3SL8" name="classWork.P02UseCase" tests="2" failures="0" timestamp="2021-05-11T12:05:53 EDT" time="85.528" errors="0">
  <testcase name="merge" time="46.408" classname="classWork.P02UseCase"/>
  <testcase name="merge" time="39.120" classname="classWork.P02UseCase"/>
</testsuite> <!-- classWork.P02UseCase -->
